[ DEBUG ][ 2022-06-27 07:47:58,775 ][ utils ] ==> (0.058) SELECT "start_form_voyage"."id", "start_form_voyage"."fullname", "start_form_voyage"."contact", "start_form_voyage"."email", "start_form_voyage"."compagnie_id", "start_form_voyage"."lieu_depart_id", "start_form_voyage"."destination_id", "start_form_voyage"."periode", "start_form_voyage"."lieu_livraison", "start_form_voyage"."statut_commande", "start_form_voyage"."date_heure_commande", "start_form_voyage"."date_heure_traitement", "start_form_voyage"."date_heure_succces", "start_form_voyage"."etat_voyage", "start_form_voyage"."reference", "start_form_voyage"."etat_paiement" FROM "start_form_voyage" WHERE "start_form_voyage"."id" = 3 LIMIT 21; args=(3,)
[ DEBUG ][ 2022-06-27 07:47:58,893 ][ utils ] ==> (0.083) UPDATE "start_form_voyage" SET "fullname" = 'darkman', "contact" = '0160934177', "email" = '', "compagnie_id" = 3, "lieu_depart_id" = 9, "destination_id" = 10, "periode" = 'soirée', "lieu_livraison" = 'abobo pk18', "statut_commande" = 'en attente', "date_heure_commande" = '2022-06-05T19:29:48.290253'::timestamp, "date_heure_traitement" = '2022-06-27T07:47:58.808948'::timestamp, "date_heure_succces" = '2022-06-27T07:47:58.808965'::timestamp, "etat_voyage" = 'en cours', "reference" = '', "etat_paiement" = 'succes' WHERE "start_form_voyage"."id" = 3; args=('darkman', '0160934177', '', 3, 9, 10, 'soirée', 'abobo pk18', 'en attente', datetime.datetime(2022, 6, 5, 19, 29, 48, 290253), datetime.datetime(2022, 6, 27, 7, 47, 58, 808948), datetime.datetime(2022, 6, 27, 7, 47, 58, 808965), 'en cours', '', 'succes', 3)
[ DEBUG ][ 2022-06-27 07:47:58,954 ][ utils ] ==> (0.057) INSERT INTO "request_request" ("response", "method", "path", "time", "is_secure", "is_ajax", "ip", "user_id", "referer", "user_agent", "language") VALUES (200, 'POST', '/payement_state/notification/', '2022-06-27T07:47:58.895590'::timestamp, false, false, '127.0.0.1'::inet, NULL, '', 'python-requests/2.24.0', '') RETURNING "request_request"."id"; args=(200, 'POST', '/payement_state/notification/', datetime.datetime(2022, 6, 27, 7, 47, 58, 895590), False, False, Inet('127.0.0.1'), None, '', 'python-requests/2.24.0', '')
[ DEBUG ][ 2022-06-27 07:51:46,442 ][ utils ] ==> (0.046) 
            SELECT c.relname,
            CASE WHEN c.relispartition THEN 'p' WHEN c.relkind IN ('m', 'v') THEN 'v' ELSE 't' END
            FROM pg_catalog.pg_class c
            LEFT JOIN pg_catalog.pg_namespace n ON n.oid = c.relnamespace
            WHERE c.relkind IN ('f', 'm', 'p', 'r', 'v')
                AND n.nspname NOT IN ('pg_catalog', 'pg_toast')
                AND pg_catalog.pg_table_is_visible(c.oid)
        ; args=None
[ DEBUG ][ 2022-06-27 07:51:46,466 ][ utils ] ==> (0.002) SELECT "django_migrations"."id", "django_migrations"."app", "django_migrations"."name", "django_migrations"."applied" FROM "django_migrations"; args=()
[ DEBUG ][ 2022-06-27 07:51:50,758 ][ utils ] ==> (0.004) 
            SELECT c.relname,
            CASE WHEN c.relispartition THEN 'p' WHEN c.relkind IN ('m', 'v') THEN 'v' ELSE 't' END
            FROM pg_catalog.pg_class c
            LEFT JOIN pg_catalog.pg_namespace n ON n.oid = c.relnamespace
            WHERE c.relkind IN ('f', 'm', 'p', 'r', 'v')
                AND n.nspname NOT IN ('pg_catalog', 'pg_toast')
                AND pg_catalog.pg_table_is_visible(c.oid)
        ; args=None
[ DEBUG ][ 2022-06-27 07:51:50,762 ][ utils ] ==> (0.001) SELECT "django_migrations"."id", "django_migrations"."app", "django_migrations"."name", "django_migrations"."applied" FROM "django_migrations"; args=()
[ DEBUG ][ 2022-06-27 07:52:19,054 ][ utils ] ==> (0.003) 
            SELECT c.relname,
            CASE WHEN c.relispartition THEN 'p' WHEN c.relkind IN ('m', 'v') THEN 'v' ELSE 't' END
            FROM pg_catalog.pg_class c
            LEFT JOIN pg_catalog.pg_namespace n ON n.oid = c.relnamespace
            WHERE c.relkind IN ('f', 'm', 'p', 'r', 'v')
                AND n.nspname NOT IN ('pg_catalog', 'pg_toast')
                AND pg_catalog.pg_table_is_visible(c.oid)
        ; args=None
[ DEBUG ][ 2022-06-27 07:52:19,057 ][ utils ] ==> (0.001) SELECT "django_migrations"."id", "django_migrations"."app", "django_migrations"."name", "django_migrations"."applied" FROM "django_migrations"; args=()
[ DEBUG ][ 2022-06-27 07:52:36,730 ][ utils ] ==> (0.003) 
            SELECT c.relname,
            CASE WHEN c.relispartition THEN 'p' WHEN c.relkind IN ('m', 'v') THEN 'v' ELSE 't' END
            FROM pg_catalog.pg_class c
            LEFT JOIN pg_catalog.pg_namespace n ON n.oid = c.relnamespace
            WHERE c.relkind IN ('f', 'm', 'p', 'r', 'v')
                AND n.nspname NOT IN ('pg_catalog', 'pg_toast')
                AND pg_catalog.pg_table_is_visible(c.oid)
        ; args=None
[ DEBUG ][ 2022-06-27 07:52:36,733 ][ utils ] ==> (0.001) SELECT "django_migrations"."id", "django_migrations"."app", "django_migrations"."name", "django_migrations"."applied" FROM "django_migrations"; args=()
[ DEBUG ][ 2022-06-27 07:52:42,997 ][ utils ] ==> (0.003) 
            SELECT c.relname,
            CASE WHEN c.relispartition THEN 'p' WHEN c.relkind IN ('m', 'v') THEN 'v' ELSE 't' END
            FROM pg_catalog.pg_class c
            LEFT JOIN pg_catalog.pg_namespace n ON n.oid = c.relnamespace
            WHERE c.relkind IN ('f', 'm', 'p', 'r', 'v')
                AND n.nspname NOT IN ('pg_catalog', 'pg_toast')
                AND pg_catalog.pg_table_is_visible(c.oid)
        ; args=None
[ DEBUG ][ 2022-06-27 07:52:43,001 ][ utils ] ==> (0.001) SELECT "django_migrations"."id", "django_migrations"."app", "django_migrations"."name", "django_migrations"."applied" FROM "django_migrations"; args=()
[ DEBUG ][ 2022-06-27 07:52:50,273 ][ utils ] ==> (0.004) 
            SELECT c.relname,
            CASE WHEN c.relispartition THEN 'p' WHEN c.relkind IN ('m', 'v') THEN 'v' ELSE 't' END
            FROM pg_catalog.pg_class c
            LEFT JOIN pg_catalog.pg_namespace n ON n.oid = c.relnamespace
            WHERE c.relkind IN ('f', 'm', 'p', 'r', 'v')
                AND n.nspname NOT IN ('pg_catalog', 'pg_toast')
                AND pg_catalog.pg_table_is_visible(c.oid)
        ; args=None
[ DEBUG ][ 2022-06-27 07:52:50,279 ][ utils ] ==> (0.002) SELECT "django_migrations"."id", "django_migrations"."app", "django_migrations"."name", "django_migrations"."applied" FROM "django_migrations"; args=()
[ DEBUG ][ 2022-06-27 07:53:05,155 ][ utils ] ==> (0.006) 
            SELECT c.relname,
            CASE WHEN c.relispartition THEN 'p' WHEN c.relkind IN ('m', 'v') THEN 'v' ELSE 't' END
            FROM pg_catalog.pg_class c
            LEFT JOIN pg_catalog.pg_namespace n ON n.oid = c.relnamespace
            WHERE c.relkind IN ('f', 'm', 'p', 'r', 'v')
                AND n.nspname NOT IN ('pg_catalog', 'pg_toast')
                AND pg_catalog.pg_table_is_visible(c.oid)
        ; args=None
[ DEBUG ][ 2022-06-27 07:53:05,159 ][ utils ] ==> (0.001) SELECT "django_migrations"."id", "django_migrations"."app", "django_migrations"."name", "django_migrations"."applied" FROM "django_migrations"; args=()
[ DEBUG ][ 2022-06-27 07:53:10,590 ][ utils ] ==> (0.004) 
            SELECT c.relname,
            CASE WHEN c.relispartition THEN 'p' WHEN c.relkind IN ('m', 'v') THEN 'v' ELSE 't' END
            FROM pg_catalog.pg_class c
            LEFT JOIN pg_catalog.pg_namespace n ON n.oid = c.relnamespace
            WHERE c.relkind IN ('f', 'm', 'p', 'r', 'v')
                AND n.nspname NOT IN ('pg_catalog', 'pg_toast')
                AND pg_catalog.pg_table_is_visible(c.oid)
        ; args=None
[ DEBUG ][ 2022-06-27 07:53:10,596 ][ utils ] ==> (0.001) SELECT "django_migrations"."id", "django_migrations"."app", "django_migrations"."name", "django_migrations"."applied" FROM "django_migrations"; args=()
[ DEBUG ][ 2022-06-27 07:53:13,691 ][ utils ] ==> (0.003) 
            SELECT c.relname,
            CASE WHEN c.relispartition THEN 'p' WHEN c.relkind IN ('m', 'v') THEN 'v' ELSE 't' END
            FROM pg_catalog.pg_class c
            LEFT JOIN pg_catalog.pg_namespace n ON n.oid = c.relnamespace
            WHERE c.relkind IN ('f', 'm', 'p', 'r', 'v')
                AND n.nspname NOT IN ('pg_catalog', 'pg_toast')
                AND pg_catalog.pg_table_is_visible(c.oid)
        ; args=None
[ DEBUG ][ 2022-06-27 07:53:13,694 ][ utils ] ==> (0.001) SELECT "django_migrations"."id", "django_migrations"."app", "django_migrations"."name", "django_migrations"."applied" FROM "django_migrations"; args=()
[ DEBUG ][ 2022-06-27 07:53:16,560 ][ utils ] ==> (0.005) 
            SELECT c.relname,
            CASE WHEN c.relispartition THEN 'p' WHEN c.relkind IN ('m', 'v') THEN 'v' ELSE 't' END
            FROM pg_catalog.pg_class c
            LEFT JOIN pg_catalog.pg_namespace n ON n.oid = c.relnamespace
            WHERE c.relkind IN ('f', 'm', 'p', 'r', 'v')
                AND n.nspname NOT IN ('pg_catalog', 'pg_toast')
                AND pg_catalog.pg_table_is_visible(c.oid)
        ; args=None
[ DEBUG ][ 2022-06-27 07:53:16,567 ][ utils ] ==> (0.004) SELECT "django_migrations"."id", "django_migrations"."app", "django_migrations"."name", "django_migrations"."applied" FROM "django_migrations"; args=()
[ DEBUG ][ 2022-06-27 07:53:25,091 ][ utils ] ==> (0.003) 
            SELECT c.relname,
            CASE WHEN c.relispartition THEN 'p' WHEN c.relkind IN ('m', 'v') THEN 'v' ELSE 't' END
            FROM pg_catalog.pg_class c
            LEFT JOIN pg_catalog.pg_namespace n ON n.oid = c.relnamespace
            WHERE c.relkind IN ('f', 'm', 'p', 'r', 'v')
                AND n.nspname NOT IN ('pg_catalog', 'pg_toast')
                AND pg_catalog.pg_table_is_visible(c.oid)
        ; args=None
[ DEBUG ][ 2022-06-27 07:53:25,094 ][ utils ] ==> (0.001) SELECT "django_migrations"."id", "django_migrations"."app", "django_migrations"."name", "django_migrations"."applied" FROM "django_migrations"; args=()
[ DEBUG ][ 2022-06-27 07:54:44,133 ][ utils ] ==> (0.005) 
            SELECT c.relname,
            CASE WHEN c.relispartition THEN 'p' WHEN c.relkind IN ('m', 'v') THEN 'v' ELSE 't' END
            FROM pg_catalog.pg_class c
            LEFT JOIN pg_catalog.pg_namespace n ON n.oid = c.relnamespace
            WHERE c.relkind IN ('f', 'm', 'p', 'r', 'v')
                AND n.nspname NOT IN ('pg_catalog', 'pg_toast')
                AND pg_catalog.pg_table_is_visible(c.oid)
        ; args=None
[ DEBUG ][ 2022-06-27 07:54:44,136 ][ utils ] ==> (0.001) SELECT "django_migrations"."id", "django_migrations"."app", "django_migrations"."name", "django_migrations"."applied" FROM "django_migrations"; args=()
[ DEBUG ][ 2022-06-27 07:55:08,318 ][ utils ] ==> (0.003) SELECT "start_form_voyage"."id", "start_form_voyage"."fullname", "start_form_voyage"."contact", "start_form_voyage"."email", "start_form_voyage"."compagnie_id", "start_form_voyage"."lieu_depart_id", "start_form_voyage"."destination_id", "start_form_voyage"."periode", "start_form_voyage"."lieu_livraison", "start_form_voyage"."statut_commande", "start_form_voyage"."date_heure_commande", "start_form_voyage"."date_heure_traitement", "start_form_voyage"."date_heure_succces", "start_form_voyage"."etat_voyage", "start_form_voyage"."reference", "start_form_voyage"."etat_paiement" FROM "start_form_voyage" WHERE "start_form_voyage"."id" = 3 LIMIT 21; args=(3,)
[ DEBUG ][ 2022-06-27 07:55:09,059 ][ utils ] ==> (0.057) INSERT INTO "request_request" ("response", "method", "path", "time", "is_secure", "is_ajax", "ip", "user_id", "referer", "user_agent", "language") VALUES (500, 'GET', '/payement_state/notification/', '2022-06-27T07:55:09.001073'::timestamp, false, true, '127.0.0.1'::inet, NULL, '', 'python-requests/2.24.0', '') RETURNING "request_request"."id"; args=(500, 'GET', '/payement_state/notification/', datetime.datetime(2022, 6, 27, 7, 55, 9, 1073), False, True, Inet('127.0.0.1'), None, '', 'python-requests/2.24.0', '')
[ DEBUG ][ 2022-06-27 07:55:25,281 ][ utils ] ==> (0.001) SELECT "start_form_voyage"."id", "start_form_voyage"."fullname", "start_form_voyage"."contact", "start_form_voyage"."email", "start_form_voyage"."compagnie_id", "start_form_voyage"."lieu_depart_id", "start_form_voyage"."destination_id", "start_form_voyage"."periode", "start_form_voyage"."lieu_livraison", "start_form_voyage"."statut_commande", "start_form_voyage"."date_heure_commande", "start_form_voyage"."date_heure_traitement", "start_form_voyage"."date_heure_succces", "start_form_voyage"."etat_voyage", "start_form_voyage"."reference", "start_form_voyage"."etat_paiement" FROM "start_form_voyage" WHERE "start_form_voyage"."id" = 3 LIMIT 21; args=(3,)
[ DEBUG ][ 2022-06-27 07:55:25,328 ][ utils ] ==> (0.016) INSERT INTO "request_request" ("response", "method", "path", "time", "is_secure", "is_ajax", "ip", "user_id", "referer", "user_agent", "language") VALUES (500, 'GET', '/payement_state/notification/', '2022-06-27T07:55:25.312595'::timestamp, false, true, '127.0.0.1'::inet, NULL, '', 'python-requests/2.24.0', '') RETURNING "request_request"."id"; args=(500, 'GET', '/payement_state/notification/', datetime.datetime(2022, 6, 27, 7, 55, 25, 312595), False, True, Inet('127.0.0.1'), None, '', 'python-requests/2.24.0', '')
[ DEBUG ][ 2022-06-27 08:02:01,893 ][ utils ] ==> (0.002) SELECT "start_form_voyage"."id", "start_form_voyage"."fullname", "start_form_voyage"."contact", "start_form_voyage"."email", "start_form_voyage"."compagnie_id", "start_form_voyage"."lieu_depart_id", "start_form_voyage"."destination_id", "start_form_voyage"."periode", "start_form_voyage"."lieu_livraison", "start_form_voyage"."statut_commande", "start_form_voyage"."date_heure_commande", "start_form_voyage"."date_heure_traitement", "start_form_voyage"."date_heure_succces", "start_form_voyage"."etat_voyage", "start_form_voyage"."reference", "start_form_voyage"."etat_paiement" FROM "start_form_voyage" WHERE "start_form_voyage"."id" = 3 LIMIT 21; args=(3,)
[ DEBUG ][ 2022-06-27 08:02:02,004 ][ utils ] ==> (0.083) INSERT INTO "request_request" ("response", "method", "path", "time", "is_secure", "is_ajax", "ip", "user_id", "referer", "user_agent", "language") VALUES (500, 'GET', '/payement_state/notification/', '2022-06-27T08:02:01.920853'::timestamp, false, true, '127.0.0.1'::inet, NULL, '', 'python-requests/2.24.0', '') RETURNING "request_request"."id"; args=(500, 'GET', '/payement_state/notification/', datetime.datetime(2022, 6, 27, 8, 2, 1, 920853), False, True, Inet('127.0.0.1'), None, '', 'python-requests/2.24.0', '')
[ DEBUG ][ 2022-06-27 08:02:14,466 ][ utils ] ==> (0.001) SELECT "start_form_voyage"."id", "start_form_voyage"."fullname", "start_form_voyage"."contact", "start_form_voyage"."email", "start_form_voyage"."compagnie_id", "start_form_voyage"."lieu_depart_id", "start_form_voyage"."destination_id", "start_form_voyage"."periode", "start_form_voyage"."lieu_livraison", "start_form_voyage"."statut_commande", "start_form_voyage"."date_heure_commande", "start_form_voyage"."date_heure_traitement", "start_form_voyage"."date_heure_succces", "start_form_voyage"."etat_voyage", "start_form_voyage"."reference", "start_form_voyage"."etat_paiement" FROM "start_form_voyage" WHERE "start_form_voyage"."id" = 3 LIMIT 21; args=(3,)
[ DEBUG ][ 2022-06-27 08:02:14,534 ][ utils ] ==> (0.042) INSERT INTO "request_request" ("response", "method", "path", "time", "is_secure", "is_ajax", "ip", "user_id", "referer", "user_agent", "language") VALUES (500, 'GET', '/payement_state/notification/', '2022-06-27T08:02:14.492401'::timestamp, false, true, '127.0.0.1'::inet, NULL, '', 'python-requests/2.24.0', '') RETURNING "request_request"."id"; args=(500, 'GET', '/payement_state/notification/', datetime.datetime(2022, 6, 27, 8, 2, 14, 492401), False, True, Inet('127.0.0.1'), None, '', 'python-requests/2.24.0', '')
[ DEBUG ][ 2022-06-27 09:21:34,172 ][ utils ] ==> (0.250) INSERT INTO "request_request" ("response", "method", "path", "time", "is_secure", "is_ajax", "ip", "user_id", "referer", "user_agent", "language") VALUES (405, 'POST', '/payement_state/notification/', '2022-06-27T09:21:33.914214'::timestamp, false, false, '127.0.0.1'::inet, NULL, '', 'python-requests/2.24.0', '') RETURNING "request_request"."id"; args=(405, 'POST', '/payement_state/notification/', datetime.datetime(2022, 6, 27, 9, 21, 33, 914214), False, False, Inet('127.0.0.1'), None, '', 'python-requests/2.24.0', '')
[ DEBUG ][ 2022-06-27 09:21:57,016 ][ utils ] ==> (0.004) 
            SELECT c.relname,
            CASE WHEN c.relispartition THEN 'p' WHEN c.relkind IN ('m', 'v') THEN 'v' ELSE 't' END
            FROM pg_catalog.pg_class c
            LEFT JOIN pg_catalog.pg_namespace n ON n.oid = c.relnamespace
            WHERE c.relkind IN ('f', 'm', 'p', 'r', 'v')
                AND n.nspname NOT IN ('pg_catalog', 'pg_toast')
                AND pg_catalog.pg_table_is_visible(c.oid)
        ; args=None
[ DEBUG ][ 2022-06-27 09:21:57,020 ][ utils ] ==> (0.001) SELECT "django_migrations"."id", "django_migrations"."app", "django_migrations"."name", "django_migrations"."applied" FROM "django_migrations"; args=()
[ DEBUG ][ 2022-06-27 09:22:03,309 ][ utils ] ==> (0.003) 
            SELECT c.relname,
            CASE WHEN c.relispartition THEN 'p' WHEN c.relkind IN ('m', 'v') THEN 'v' ELSE 't' END
            FROM pg_catalog.pg_class c
            LEFT JOIN pg_catalog.pg_namespace n ON n.oid = c.relnamespace
            WHERE c.relkind IN ('f', 'm', 'p', 'r', 'v')
                AND n.nspname NOT IN ('pg_catalog', 'pg_toast')
                AND pg_catalog.pg_table_is_visible(c.oid)
        ; args=None
[ DEBUG ][ 2022-06-27 09:22:03,315 ][ utils ] ==> (0.003) SELECT "django_migrations"."id", "django_migrations"."app", "django_migrations"."name", "django_migrations"."applied" FROM "django_migrations"; args=()
[ DEBUG ][ 2022-06-27 09:22:06,492 ][ utils ] ==> (0.001) SELECT "start_form_voyage"."id", "start_form_voyage"."fullname", "start_form_voyage"."contact", "start_form_voyage"."email", "start_form_voyage"."compagnie_id", "start_form_voyage"."lieu_depart_id", "start_form_voyage"."destination_id", "start_form_voyage"."periode", "start_form_voyage"."lieu_livraison", "start_form_voyage"."statut_commande", "start_form_voyage"."date_heure_commande", "start_form_voyage"."date_heure_traitement", "start_form_voyage"."date_heure_succces", "start_form_voyage"."etat_voyage", "start_form_voyage"."reference", "start_form_voyage"."etat_paiement" FROM "start_form_voyage" WHERE "start_form_voyage"."id" = 3 LIMIT 21; args=(3,)
[ DEBUG ][ 2022-06-27 09:22:06,652 ][ utils ] ==> (0.158) UPDATE "start_form_voyage" SET "fullname" = 'darkman', "contact" = '0160934177', "email" = '', "compagnie_id" = 3, "lieu_depart_id" = 9, "destination_id" = 10, "periode" = 'soirée', "lieu_livraison" = 'abobo pk18', "statut_commande" = 'en attente', "date_heure_commande" = '2022-06-05T19:29:48.290253'::timestamp, "date_heure_traitement" = '2022-06-27T09:22:06.493495'::timestamp, "date_heure_succces" = '2022-06-27T09:22:06.493499'::timestamp, "etat_voyage" = 'en cours', "reference" = '', "etat_paiement" = 'succes' WHERE "start_form_voyage"."id" = 3; args=('darkman', '0160934177', '', 3, 9, 10, 'soirée', 'abobo pk18', 'en attente', datetime.datetime(2022, 6, 5, 19, 29, 48, 290253), datetime.datetime(2022, 6, 27, 9, 22, 6, 493495), datetime.datetime(2022, 6, 27, 9, 22, 6, 493499), 'en cours', '', 'succes', 3)
[ DEBUG ][ 2022-06-27 09:22:06,680 ][ utils ] ==> (0.024) INSERT INTO "request_request" ("response", "method", "path", "time", "is_secure", "is_ajax", "ip", "user_id", "referer", "user_agent", "language") VALUES (200, 'POST', '/payement_state/notification/', '2022-06-27T09:22:06.654034'::timestamp, false, false, '127.0.0.1'::inet, NULL, '', 'python-requests/2.24.0', '') RETURNING "request_request"."id"; args=(200, 'POST', '/payement_state/notification/', datetime.datetime(2022, 6, 27, 9, 22, 6, 654034), False, False, Inet('127.0.0.1'), None, '', 'python-requests/2.24.0', '')
[ DEBUG ][ 2022-06-27 09:25:51,002 ][ utils ] ==> (0.005) 
            SELECT c.relname,
            CASE WHEN c.relispartition THEN 'p' WHEN c.relkind IN ('m', 'v') THEN 'v' ELSE 't' END
            FROM pg_catalog.pg_class c
            LEFT JOIN pg_catalog.pg_namespace n ON n.oid = c.relnamespace
            WHERE c.relkind IN ('f', 'm', 'p', 'r', 'v')
                AND n.nspname NOT IN ('pg_catalog', 'pg_toast')
                AND pg_catalog.pg_table_is_visible(c.oid)
        ; args=None
[ DEBUG ][ 2022-06-27 09:25:51,006 ][ utils ] ==> (0.001) SELECT "django_migrations"."id", "django_migrations"."app", "django_migrations"."name", "django_migrations"."applied" FROM "django_migrations"; args=()
[ DEBUG ][ 2022-06-27 09:26:02,499 ][ utils ] ==> (0.003) 
            SELECT c.relname,
            CASE WHEN c.relispartition THEN 'p' WHEN c.relkind IN ('m', 'v') THEN 'v' ELSE 't' END
            FROM pg_catalog.pg_class c
            LEFT JOIN pg_catalog.pg_namespace n ON n.oid = c.relnamespace
            WHERE c.relkind IN ('f', 'm', 'p', 'r', 'v')
                AND n.nspname NOT IN ('pg_catalog', 'pg_toast')
                AND pg_catalog.pg_table_is_visible(c.oid)
        ; args=None
[ DEBUG ][ 2022-06-27 09:26:02,502 ][ utils ] ==> (0.001) SELECT "django_migrations"."id", "django_migrations"."app", "django_migrations"."name", "django_migrations"."applied" FROM "django_migrations"; args=()
[ DEBUG ][ 2022-06-27 09:26:08,729 ][ utils ] ==> (0.158) INSERT INTO "request_request" ("response", "method", "path", "time", "is_secure", "is_ajax", "ip", "user_id", "referer", "user_agent", "language") VALUES (500, 'POST', '/payement_state/notification/', '2022-06-27T09:26:08.562379'::timestamp, false, true, '127.0.0.1'::inet, NULL, '', 'python-requests/2.24.0', '') RETURNING "request_request"."id"; args=(500, 'POST', '/payement_state/notification/', datetime.datetime(2022, 6, 27, 9, 26, 8, 562379), False, True, Inet('127.0.0.1'), None, '', 'python-requests/2.24.0', '')
[ DEBUG ][ 2022-06-27 09:26:37,222 ][ utils ] ==> (0.022) INSERT INTO "request_request" ("response", "method", "path", "time", "is_secure", "is_ajax", "ip", "user_id", "referer", "user_agent", "language") VALUES (500, 'POST', '/payement_state/notification/', '2022-06-27T09:26:37.191744'::timestamp, false, true, '127.0.0.1'::inet, NULL, '', 'python-requests/2.24.0', '') RETURNING "request_request"."id"; args=(500, 'POST', '/payement_state/notification/', datetime.datetime(2022, 6, 27, 9, 26, 37, 191744), False, True, Inet('127.0.0.1'), None, '', 'python-requests/2.24.0', '')
[ DEBUG ][ 2022-06-27 09:26:48,089 ][ utils ] ==> (0.005) 
            SELECT c.relname,
            CASE WHEN c.relispartition THEN 'p' WHEN c.relkind IN ('m', 'v') THEN 'v' ELSE 't' END
            FROM pg_catalog.pg_class c
            LEFT JOIN pg_catalog.pg_namespace n ON n.oid = c.relnamespace
            WHERE c.relkind IN ('f', 'm', 'p', 'r', 'v')
                AND n.nspname NOT IN ('pg_catalog', 'pg_toast')
                AND pg_catalog.pg_table_is_visible(c.oid)
        ; args=None
[ DEBUG ][ 2022-06-27 09:26:48,097 ][ utils ] ==> (0.001) SELECT "django_migrations"."id", "django_migrations"."app", "django_migrations"."name", "django_migrations"."applied" FROM "django_migrations"; args=()
[ DEBUG ][ 2022-06-27 09:26:48,289 ][ utils ] ==> (0.002) SELECT "start_form_voyage"."id", "start_form_voyage"."fullname", "start_form_voyage"."contact", "start_form_voyage"."email", "start_form_voyage"."compagnie_id", "start_form_voyage"."lieu_depart_id", "start_form_voyage"."destination_id", "start_form_voyage"."periode", "start_form_voyage"."lieu_livraison", "start_form_voyage"."statut_commande", "start_form_voyage"."date_heure_commande", "start_form_voyage"."date_heure_traitement", "start_form_voyage"."date_heure_succces", "start_form_voyage"."etat_voyage", "start_form_voyage"."reference", "start_form_voyage"."etat_paiement" FROM "start_form_voyage" WHERE "start_form_voyage"."id" = 3 LIMIT 21; args=(3,)
[ DEBUG ][ 2022-06-27 09:26:48,309 ][ utils ] ==> (0.017) UPDATE "start_form_voyage" SET "fullname" = 'darkman', "contact" = '0160934177', "email" = '', "compagnie_id" = 3, "lieu_depart_id" = 9, "destination_id" = 10, "periode" = 'soirée', "lieu_livraison" = 'abobo pk18', "statut_commande" = 'en attente', "date_heure_commande" = '2022-06-05T19:29:48.290253'::timestamp, "date_heure_traitement" = '2022-06-27T09:26:48.289770'::timestamp, "date_heure_succces" = '2022-06-27T09:26:48.289778'::timestamp, "etat_voyage" = 'en cours', "reference" = '', "etat_paiement" = 'succes' WHERE "start_form_voyage"."id" = 3; args=('darkman', '0160934177', '', 3, 9, 10, 'soirée', 'abobo pk18', 'en attente', datetime.datetime(2022, 6, 5, 19, 29, 48, 290253), datetime.datetime(2022, 6, 27, 9, 26, 48, 289770), datetime.datetime(2022, 6, 27, 9, 26, 48, 289778), 'en cours', '', 'succes', 3)
[ DEBUG ][ 2022-06-27 09:26:48,391 ][ utils ] ==> (0.081) INSERT INTO "request_request" ("response", "method", "path", "time", "is_secure", "is_ajax", "ip", "user_id", "referer", "user_agent", "language") VALUES (200, 'POST', '/payement_state/notification/', '2022-06-27T09:26:48.309870'::timestamp, false, false, '127.0.0.1'::inet, NULL, '', 'python-requests/2.24.0', '') RETURNING "request_request"."id"; args=(200, 'POST', '/payement_state/notification/', datetime.datetime(2022, 6, 27, 9, 26, 48, 309870), False, False, Inet('127.0.0.1'), None, '', 'python-requests/2.24.0', '')
[ DEBUG ][ 2022-06-27 09:26:52,689 ][ utils ] ==> (0.001) SELECT "start_form_voyage"."id", "start_form_voyage"."fullname", "start_form_voyage"."contact", "start_form_voyage"."email", "start_form_voyage"."compagnie_id", "start_form_voyage"."lieu_depart_id", "start_form_voyage"."destination_id", "start_form_voyage"."periode", "start_form_voyage"."lieu_livraison", "start_form_voyage"."statut_commande", "start_form_voyage"."date_heure_commande", "start_form_voyage"."date_heure_traitement", "start_form_voyage"."date_heure_succces", "start_form_voyage"."etat_voyage", "start_form_voyage"."reference", "start_form_voyage"."etat_paiement" FROM "start_form_voyage" WHERE "start_form_voyage"."id" = 3 LIMIT 21; args=(3,)
[ DEBUG ][ 2022-06-27 09:26:52,796 ][ utils ] ==> (0.106) UPDATE "start_form_voyage" SET "fullname" = 'darkman', "contact" = '0160934177', "email" = '', "compagnie_id" = 3, "lieu_depart_id" = 9, "destination_id" = 10, "periode" = 'soirée', "lieu_livraison" = 'abobo pk18', "statut_commande" = 'en attente', "date_heure_commande" = '2022-06-05T19:29:48.290253'::timestamp, "date_heure_traitement" = '2022-06-27T09:26:52.689972'::timestamp, "date_heure_succces" = '2022-06-27T09:26:52.689976'::timestamp, "etat_voyage" = 'en cours', "reference" = '', "etat_paiement" = 'succes' WHERE "start_form_voyage"."id" = 3; args=('darkman', '0160934177', '', 3, 9, 10, 'soirée', 'abobo pk18', 'en attente', datetime.datetime(2022, 6, 5, 19, 29, 48, 290253), datetime.datetime(2022, 6, 27, 9, 26, 52, 689972), datetime.datetime(2022, 6, 27, 9, 26, 52, 689976), 'en cours', '', 'succes', 3)
[ DEBUG ][ 2022-06-27 09:26:52,831 ][ utils ] ==> (0.031) INSERT INTO "request_request" ("response", "method", "path", "time", "is_secure", "is_ajax", "ip", "user_id", "referer", "user_agent", "language") VALUES (200, 'POST', '/payement_state/notification/', '2022-06-27T09:26:52.798237'::timestamp, false, false, '127.0.0.1'::inet, NULL, '', 'python-requests/2.24.0', '') RETURNING "request_request"."id"; args=(200, 'POST', '/payement_state/notification/', datetime.datetime(2022, 6, 27, 9, 26, 52, 798237), False, False, Inet('127.0.0.1'), None, '', 'python-requests/2.24.0', '')
[ DEBUG ][ 2022-06-27 09:27:02,829 ][ utils ] ==> (0.003) 
            SELECT c.relname,
            CASE WHEN c.relispartition THEN 'p' WHEN c.relkind IN ('m', 'v') THEN 'v' ELSE 't' END
            FROM pg_catalog.pg_class c
            LEFT JOIN pg_catalog.pg_namespace n ON n.oid = c.relnamespace
            WHERE c.relkind IN ('f', 'm', 'p', 'r', 'v')
                AND n.nspname NOT IN ('pg_catalog', 'pg_toast')
                AND pg_catalog.pg_table_is_visible(c.oid)
        ; args=None
[ DEBUG ][ 2022-06-27 09:27:02,833 ][ utils ] ==> (0.001) SELECT "django_migrations"."id", "django_migrations"."app", "django_migrations"."name", "django_migrations"."applied" FROM "django_migrations"; args=()
[ DEBUG ][ 2022-06-27 09:27:14,636 ][ utils ] ==> (0.001) SELECT "start_form_voyage"."id", "start_form_voyage"."fullname", "start_form_voyage"."contact", "start_form_voyage"."email", "start_form_voyage"."compagnie_id", "start_form_voyage"."lieu_depart_id", "start_form_voyage"."destination_id", "start_form_voyage"."periode", "start_form_voyage"."lieu_livraison", "start_form_voyage"."statut_commande", "start_form_voyage"."date_heure_commande", "start_form_voyage"."date_heure_traitement", "start_form_voyage"."date_heure_succces", "start_form_voyage"."etat_voyage", "start_form_voyage"."reference", "start_form_voyage"."etat_paiement" FROM "start_form_voyage" WHERE "start_form_voyage"."id" = 3 LIMIT 21; args=(3,)
[ DEBUG ][ 2022-06-27 09:27:14,747 ][ utils ] ==> (0.110) UPDATE "start_form_voyage" SET "fullname" = 'darkman', "contact" = '0160934177', "email" = '', "compagnie_id" = 3, "lieu_depart_id" = 9, "destination_id" = 10, "periode" = 'soirée', "lieu_livraison" = 'abobo pk18', "statut_commande" = 'en attente', "date_heure_commande" = '2022-06-05T19:29:48.290253'::timestamp, "date_heure_traitement" = '2022-06-27T09:27:14.636711'::timestamp, "date_heure_succces" = '2022-06-27T09:27:14.636716'::timestamp, "etat_voyage" = 'en cours', "reference" = '', "etat_paiement" = 'succes' WHERE "start_form_voyage"."id" = 3; args=('darkman', '0160934177', '', 3, 9, 10, 'soirée', 'abobo pk18', 'en attente', datetime.datetime(2022, 6, 5, 19, 29, 48, 290253), datetime.datetime(2022, 6, 27, 9, 27, 14, 636711), datetime.datetime(2022, 6, 27, 9, 27, 14, 636716), 'en cours', '', 'succes', 3)
[ DEBUG ][ 2022-06-27 09:27:14,775 ][ utils ] ==> (0.024) INSERT INTO "request_request" ("response", "method", "path", "time", "is_secure", "is_ajax", "ip", "user_id", "referer", "user_agent", "language") VALUES (200, 'POST', '/payement_state/notification/', '2022-06-27T09:27:14.749655'::timestamp, false, false, '127.0.0.1'::inet, NULL, '', 'python-requests/2.24.0', '') RETURNING "request_request"."id"; args=(200, 'POST', '/payement_state/notification/', datetime.datetime(2022, 6, 27, 9, 27, 14, 749655), False, False, Inet('127.0.0.1'), None, '', 'python-requests/2.24.0', '')
