[ INFO ][ 2022-06-09 07:54:24,003 ][ basehttp ][ 2888 ][ 140593204295424 ] ==> "GET / HTTP/1.1" 200 8390
[ WARNING ][ 2022-06-09 07:54:24,808 ][ basehttp ][ 2888 ][ 140593204295424 ] ==> "GET /static/fonts.googleapis.com/css%3Ffamily%3DAsap%3A400%2C400i%2C500%2C500i%2C700%2C700i HTTP/1.1" 404 1920
[ INFO ][ 2022-06-09 07:54:24,824 ][ basehttp ][ 2888 ][ 140593187247872 ] ==> "GET /static/website/front/css/style.css HTTP/1.1" 304 0
[ WARNING ][ 2022-06-09 07:54:25,054 ][ basehttp ][ 2888 ][ 140593195902720 ] ==> "GET /website/front/js/main.js HTTP/1.1" 404 4451
[ WARNING ][ 2022-06-09 07:54:25,519 ][ basehttp ][ 2888 ][ 140593195902720 ] ==> "GET /favicon.ico HTTP/1.1" 404 4412
[ INFO ][ 2022-06-09 07:54:54,027 ][ basehttp ][ 2888 ][ 140593187247872 ] ==> "GET / HTTP/1.1" 200 8390
[ WARNING ][ 2022-06-09 07:54:54,075 ][ basehttp ][ 2888 ][ 140593187247872 ] ==> "GET /static/fonts.googleapis.com/css%3Ffamily%3DAsap%3A400%2C400i%2C500%2C500i%2C700%2C700i HTTP/1.1" 404 1920
[ WARNING ][ 2022-06-09 07:54:54,121 ][ basehttp ][ 2888 ][ 140593195902720 ] ==> "GET /website/front/js/main.js HTTP/1.1" 404 4451
[ INFO ][ 2022-06-09 07:55:24,735 ][ basehttp ][ 2888 ][ 140593195902720 ] ==> "GET / HTTP/1.1" 200 8390
[ WARNING ][ 2022-06-09 07:55:24,778 ][ basehttp ][ 2888 ][ 140593195902720 ] ==> "GET /static/fonts.googleapis.com/css%3Ffamily%3DAsap%3A400%2C400i%2C500%2C500i%2C700%2C700i HTTP/1.1" 404 1920
[ WARNING ][ 2022-06-09 07:55:24,830 ][ basehttp ][ 2888 ][ 140593187247872 ] ==> "GET /website/front/js/main.js HTTP/1.1" 404 4451
[ INFO ][ 2022-06-09 07:55:25,607 ][ basehttp ][ 2888 ][ 140593187247872 ] ==> "GET / HTTP/1.1" 200 8390
[ WARNING ][ 2022-06-09 07:55:25,642 ][ basehttp ][ 2888 ][ 140593187247872 ] ==> "GET /static/fonts.googleapis.com/css%3Ffamily%3DAsap%3A400%2C400i%2C500%2C500i%2C700%2C700i HTTP/1.1" 404 1920
[ WARNING ][ 2022-06-09 07:55:25,689 ][ basehttp ][ 2888 ][ 140593195902720 ] ==> "GET /website/front/js/main.js HTTP/1.1" 404 4451
[ INFO ][ 2022-06-09 08:00:19,047 ][ basehttp ][ 2888 ][ 140593195902720 ] ==> "GET /ajax/load-lieu_depart/?compagnie_id=2 HTTP/1.1" 200 150
[ INFO ][ 2022-06-09 08:00:19,174 ][ basehttp ][ 2888 ][ 140593187247872 ] ==> "GET /ajax/load-destination/?compagnie_id=2 HTTP/1.1" 200 147
[ INFO ][ 2022-06-09 08:00:30,703 ][ basehttp ][ 2888 ][ 140593187247872 ] ==> "POST / HTTP/1.1" 302 0
[ INFO ][ 2022-06-09 08:00:31,985 ][ basehttp ][ 2888 ][ 140593187247872 ] ==> "GET /wait//4 HTTP/1.1" 200 2705
[ INFO ][ 2022-06-09 08:00:35,859 ][ basehttp ][ 2888 ][ 140593187247872 ] ==> "GET /static/website/front/images/bleus.jpg HTTP/1.1" 200 954287
[ WARNING ][ 2022-06-09 08:00:49,951 ][ basehttp ][ 2888 ][ 140593187247872 ] ==> "GET /wait//4/success/ HTTP/1.1" 404 5645
[ WARNING ][ 2022-06-09 08:01:25,866 ][ basehttp ][ 2888 ][ 140593187247872 ] ==> "GET /wait//4/success/ HTTP/1.1" 404 5645
[ WARNING ][ 2022-06-09 08:01:31,090 ][ basehttp ][ 2888 ][ 140593187247872 ] ==> "GET /wait//4/ HTTP/1.1" 404 5621
[ INFO ][ 2022-06-09 08:01:34,730 ][ basehttp ][ 2888 ][ 140593187247872 ] ==> "GET /wait//4 HTTP/1.1" 200 2705
[ INFO ][ 2022-06-09 08:02:28,732 ][ basehttp ][ 2888 ][ 140593187247872 ] ==> "GET /wait/success HTTP/1.1" 301 0
[ ERROR ][ 2022-06-09 08:02:32,738 ][ basehttp ][ 2888 ][ 140593187247872 ] ==> "GET /wait/success/ HTTP/1.1" 500 152128
[ INFO ][ 2022-06-09 08:05:24,541 ][ basehttp ][ 8555 ][ 140095008884480 ] ==> "GET /wait//4 HTTP/1.1" 200 2705
[ INFO ][ 2022-06-09 08:14:09,100 ][ basehttp ][ 18968 ][ 140651320571648 ] ==> "GET /payement_state/failled HTTP/1.1" 301 0
[ ERROR ][ 2022-06-09 08:14:10,696 ][ basehttp ][ 18968 ][ 140651320571648 ] ==> "GET /payement_state/failled/ HTTP/1.1" 500 152554
[ ERROR ][ 2022-06-09 08:14:55,252 ][ basehttp ][ 18968 ][ 140651320571648 ] ==> "GET /payement_state/success/ HTTP/1.1" 500 152217
[ WARNING ][ 2022-06-09 08:19:01,078 ][ basehttp ][ 18968 ][ 140651320571648 ] ==> "GET /payement_state HTTP/1.1" 404 4583
[ ERROR ][ 2022-06-09 08:19:52,967 ][ basehttp ][ 18968 ][ 140651320571648 ] ==> "GET /payement_state/notification/ HTTP/1.1" 500 151463
[ WARNING ][ 2022-06-09 08:20:00,502 ][ basehttp ][ 18968 ][ 140651320571648 ] ==> "GET /payement_state//notification/ HTTP/1.1" 404 5646
[ ERROR ][ 2022-06-09 08:20:08,165 ][ basehttp ][ 18968 ][ 140651320571648 ] ==> "GET /payement_state/notification/ HTTP/1.1" 500 151463
[ INFO ][ 2022-06-09 08:20:55,458 ][ basehttp ][ 18968 ][ 140651320571648 ] ==> "GET /payement_state/success/ HTTP/1.1" 200 741
[ ERROR ][ 2022-06-09 08:21:50,039 ][ basehttp ][ 18968 ][ 140651320571648 ] ==> "GET /payement_state/success/ HTTP/1.1" 500 152354
[ ERROR ][ 2022-06-09 08:22:00,566 ][ basehttp ][ 18968 ][ 140651320571648 ] ==> "GET /payement_state/success/ HTTP/1.1" 500 152354
[ ERROR ][ 2022-06-09 08:22:01,199 ][ basehttp ][ 18968 ][ 140651320571648 ] ==> "GET /payement_state/success/ HTTP/1.1" 500 152354
[ ERROR ][ 2022-06-09 08:22:03,217 ][ basehttp ][ 18968 ][ 140651320571648 ] ==> "GET /payement_state/success/ HTTP/1.1" 500 152354
[ ERROR ][ 2022-06-09 08:22:04,093 ][ basehttp ][ 18968 ][ 140651320571648 ] ==> "GET /payement_state/success/ HTTP/1.1" 500 152354
[ ERROR ][ 2022-06-09 08:22:05,733 ][ basehttp ][ 18968 ][ 140651320571648 ] ==> "GET /payement_state/success/ HTTP/1.1" 500 152354
[ ERROR ][ 2022-06-09 08:28:06,817 ][ basehttp ][ 18968 ][ 140651312178944 ] ==> "GET /payement_state/success/ HTTP/1.1" 500 152354
[ ERROR ][ 2022-06-09 08:28:07,353 ][ basehttp ][ 18968 ][ 140651312178944 ] ==> "GET /payement_state/success/ HTTP/1.1" 500 152354
[ ERROR ][ 2022-06-09 08:29:29,935 ][ basehttp ][ 18968 ][ 140651312178944 ] ==> "GET /payement_state/success/ HTTP/1.1" 500 152871
[ ERROR ][ 2022-06-09 08:29:31,081 ][ basehttp ][ 18968 ][ 140651312178944 ] ==> "GET /payement_state/success/ HTTP/1.1" 500 152871
[ ERROR ][ 2022-06-09 08:30:36,406 ][ basehttp ][ 18968 ][ 140651312178944 ] ==> "GET /payement_state/success/ HTTP/1.1" 500 152871
[ ERROR ][ 2022-06-09 08:30:37,389 ][ basehttp ][ 18968 ][ 140651312178944 ] ==> "GET /payement_state/success/ HTTP/1.1" 500 152871
[ ERROR ][ 2022-06-09 08:30:49,767 ][ basehttp ][ 18968 ][ 140651312178944 ] ==> "GET /payement_state/success/ HTTP/1.1" 500 152871
[ ERROR ][ 2022-06-09 08:31:11,752 ][ basehttp ][ 18968 ][ 140651312178944 ] ==> "GET /payement_state/success/ HTTP/1.1" 500 152871
[ ERROR ][ 2022-06-09 08:31:38,126 ][ basehttp ][ 18968 ][ 140651312178944 ] ==> "GET /payement_state/success/ HTTP/1.1" 500 146645
[ ERROR ][ 2022-06-09 08:31:42,885 ][ basehttp ][ 18968 ][ 140651312178944 ] ==> "GET /payement_state/success/ HTTP/1.1" 500 152871
[ INFO ][ 2022-06-09 08:33:18,983 ][ basehttp ][ 18968 ][ 140651312178944 ] ==> "GET /payement_state/success/ HTTP/1.1" 200 900
[ INFO ][ 2022-06-09 08:33:19,540 ][ basehttp ][ 18968 ][ 140651312178944 ] ==> "GET /payement_state/success/ HTTP/1.1" 200 738
[ ERROR ][ 2022-06-09 08:33:59,367 ][ basehttp ][ 18968 ][ 140651312178944 ] ==> "GET /payement_state/success/ HTTP/1.1" 500 152871
[ ERROR ][ 2022-06-09 08:48:06,481 ][ basehttp ][ 18968 ][ 140651312178944 ] ==> "GET /payement_state/success/ HTTP/1.1" 500 152871
[ INFO ][ 2022-06-09 08:52:26,853 ][ basehttp ][ 18968 ][ 140651312178944 ] ==> "GET /payement_state/success/ HTTP/1.1" 200 1100
[ INFO ][ 2022-06-09 08:53:06,120 ][ basehttp ][ 18968 ][ 140651312178944 ] ==> "GET /payement_state/success/ HTTP/1.1" 200 1148
[ ERROR ][ 2022-06-09 09:50:35,286 ][ basehttp ][ 18968 ][ 140651312178944 ] ==> "GET /payement_state/success/ HTTP/1.1" 500 143860
[ ERROR ][ 2022-06-09 09:50:53,389 ][ basehttp ][ 18968 ][ 140651312178944 ] ==> "GET /payement_state/success/ HTTP/1.1" 500 143417
[ ERROR ][ 2022-06-09 09:51:30,667 ][ basehttp ][ 18968 ][ 140651312178944 ] ==> "GET /payement_state/success/ HTTP/1.1" 500 143539
[ ERROR ][ 2022-06-09 09:51:31,498 ][ basehttp ][ 18968 ][ 140651312178944 ] ==> "GET /payement_state/success/ HTTP/1.1" 500 143539
[ ERROR ][ 2022-06-09 09:51:32,502 ][ basehttp ][ 18968 ][ 140651312178944 ] ==> "GET /payement_state/success/ HTTP/1.1" 500 143539
[ ERROR ][ 2022-06-09 09:52:08,798 ][ basehttp ][ 18968 ][ 140651312178944 ] ==> "GET /payement_state/success/ HTTP/1.1" 500 143539
[ INFO ][ 2022-06-09 09:53:39,829 ][ basehttp ][ 18968 ][ 140651312178944 ] ==> "GET /payement_state/success/ HTTP/1.1" 200 1186
[ INFO ][ 2022-06-09 09:53:39,894 ][ basehttp ][ 18968 ][ 140651312178944 ] ==> "GET /static/website/front/images/logo.png HTTP/1.1" 200 33684
[ INFO ][ 2022-06-09 09:53:56,171 ][ basehttp ][ 18968 ][ 140651312178944 ] ==> "GET /payement_state/success/ HTTP/1.1" 200 1224
[ INFO ][ 2022-06-09 09:54:29,550 ][ basehttp ][ 18968 ][ 140651312178944 ] ==> "GET /payement_state/success/ HTTP/1.1" 200 1227
[ INFO ][ 2022-06-09 09:54:29,602 ][ basehttp ][ 18968 ][ 140651312178944 ] ==> "GET /static/website/front/images/logo.png HTTP/1.1" 304 0
[ INFO ][ 2022-06-09 09:54:30,474 ][ basehttp ][ 18968 ][ 140651312178944 ] ==> "GET /payement_state/success/ HTTP/1.1" 200 1247
[ INFO ][ 2022-06-09 09:54:39,457 ][ basehttp ][ 18968 ][ 140651312178944 ] ==> "GET /payement_state/success/ HTTP/1.1" 200 1247
[ INFO ][ 2022-06-09 09:54:47,143 ][ basehttp ][ 18968 ][ 140651312178944 ] ==> "GET /payement_state/success/ HTTP/1.1" 200 1248
[ INFO ][ 2022-06-09 09:54:47,885 ][ basehttp ][ 18968 ][ 140651312178944 ] ==> "GET /payement_state/success/ HTTP/1.1" 200 1249
[ INFO ][ 2022-06-09 09:54:48,736 ][ basehttp ][ 18968 ][ 140651312178944 ] ==> "GET /payement_state/success/ HTTP/1.1" 200 1249
[ INFO ][ 2022-06-09 09:54:57,488 ][ basehttp ][ 18968 ][ 140651312178944 ] ==> "GET /payement_state/success/ HTTP/1.1" 200 1249
[ INFO ][ 2022-06-09 09:54:57,517 ][ basehttp ][ 18968 ][ 140651312178944 ] ==> "GET /static/website/front/images/logo.png HTTP/1.1" 304 0
[ INFO ][ 2022-06-09 09:55:06,690 ][ basehttp ][ 18968 ][ 140651312178944 ] ==> "GET /payement_state/success/ HTTP/1.1" 200 1225
[ INFO ][ 2022-06-09 09:57:16,937 ][ basehttp ][ 18968 ][ 140651312178944 ] ==> "GET /payement_state/success/ HTTP/1.1" 200 1208
[ INFO ][ 2022-06-09 09:57:17,853 ][ basehttp ][ 18968 ][ 140651312178944 ] ==> "GET /static/website/front/images/logo.png HTTP/1.1" 304 0
[ INFO ][ 2022-06-09 09:57:56,137 ][ basehttp ][ 18968 ][ 140651312178944 ] ==> "GET /payement_state/success/ HTTP/1.1" 200 1239
[ WARNING ][ 2022-06-09 09:59:18,874 ][ basehttp ][ 18968 ][ 140651312178944 ] ==> "GET /payement_state/failed/ HTTP/1.1" 404 5625
[ INFO ][ 2022-06-09 10:01:37,184 ][ basehttp ][ 18968 ][ 140651312178944 ] ==> "GET /payement_state/failled/ HTTP/1.1" 200 659
[ ERROR ][ 2022-06-09 10:03:25,508 ][ basehttp ][ 18968 ][ 140651312178944 ] ==> "GET /payement_state/failled/ HTTP/1.1" 500 152690
[ ERROR ][ 2022-06-09 10:03:27,747 ][ basehttp ][ 18968 ][ 140651312178944 ] ==> "GET /payement_state/failled/ HTTP/1.1" 500 152690
[ INFO ][ 2022-06-09 10:03:57,314 ][ basehttp ][ 18968 ][ 140651312178944 ] ==> "GET /payement_state/failled/ HTTP/1.1" 200 969
[ INFO ][ 2022-06-09 10:03:57,401 ][ basehttp ][ 18968 ][ 140651312178944 ] ==> "GET /static/website/front/images/logo.png HTTP/1.1" 304 0
[ INFO ][ 2022-06-09 10:04:53,139 ][ basehttp ][ 18968 ][ 140651312178944 ] ==> "GET /payement_state/failled/ HTTP/1.1" 200 906
[ INFO ][ 2022-06-09 10:06:09,770 ][ basehttp ][ 18968 ][ 140651303786240 ] ==> "GET /payement_state/failled/ HTTP/1.1" 200 906
[ INFO ][ 2022-06-09 10:06:09,805 ][ basehttp ][ 18968 ][ 140651303786240 ] ==> "GET /static/website/front/images/logo.png HTTP/1.1" 304 0
[ INFO ][ 2022-06-09 10:06:09,930 ][ basehttp ][ 18968 ][ 140651303786240 ] ==> "GET /payement_state/failled/ HTTP/1.1" 200 906
[ INFO ][ 2022-06-09 10:06:25,280 ][ basehttp ][ 18968 ][ 140651320571648 ] ==> "GET /payement_state/failled/ HTTP/1.1" 200 906
[ WARNING ][ 2022-06-09 10:06:41,044 ][ basehttp ][ 18968 ][ 140651320571648 ] ==> "GET /payement_state/notifiacation/ HTTP/1.1" 404 5646
[ ERROR ][ 2022-06-09 10:06:46,922 ][ basehttp ][ 18968 ][ 140651320571648 ] ==> "GET /payement_state/notification/ HTTP/1.1" 500 152372
[ INFO ][ 2022-06-09 10:07:10,597 ][ basehttp ][ 18968 ][ 140651320571648 ] ==> "GET /payement_state/notification/ HTTP/1.1" 200 1160
[ INFO ][ 2022-06-09 10:07:21,304 ][ basehttp ][ 18968 ][ 140651320571648 ] ==> "GET /payement_state/notification/ HTTP/1.1" 200 1160
[ WARNING ][ 2022-06-09 10:09:48,151 ][ basehttp ][ 18968 ][ 140651320571648 ] ==> "GET /payement_state/sucess/ HTTP/1.1" 404 5625
[ INFO ][ 2022-06-09 10:09:53,496 ][ basehttp ][ 18968 ][ 140651320571648 ] ==> "GET /payement_state/success/ HTTP/1.1" 200 1239
[ INFO ][ 2022-06-09 10:09:53,544 ][ basehttp ][ 18968 ][ 140651320571648 ] ==> "GET /static/website/front/images/logo.png HTTP/1.1" 304 0
